[debug] [2021-05-14T14:50:20.390Z] ----------------------------------------------------------------------
[debug] [2021-05-14T14:50:20.392Z] Command:       C:\Program Files\nodejs\node.exe C:\Users\poojagra\AppData\Roaming\npm\node_modules\firebase-tools\lib\bin\firebase.js emulators:start
[debug] [2021-05-14T14:50:20.393Z] CLI Version:   9.10.2
[debug] [2021-05-14T14:50:20.393Z] Platform:      win32
[debug] [2021-05-14T14:50:20.393Z] Node Version:  v12.18.3
[debug] [2021-05-14T14:50:20.395Z] Time:          Fri May 14 2021 20:20:20 GMT+0530 (India Standard Time)
[debug] [2021-05-14T14:50:20.395Z] ----------------------------------------------------------------------
[debug] 
[debug] [2021-05-14T14:50:20.408Z] > command requires scopes: ["email","openid","https://www.googleapis.com/auth/cloudplatformprojects.readonly","https://www.googleapis.com/auth/firebase","https://www.googleapis.com/auth/cloud-platform"]
[debug] [2021-05-14T14:50:20.408Z] > authorizing via signed-in user (poojaag.pa@gmail.com)
[info] i  emulators: Starting emulators: functions, hosting {"metadata":{"emulator":{"name":"hub"},"message":"Starting emulators: functions, hosting"}}
[debug] [2021-05-14T14:50:22.463Z] [hub] writing locator at C:\Users\poojagra\AppData\Local\Temp\hub-challenge-808c2.json
[warn] !  functions: The following emulators are not running, calls to these services from the Functions emulator will affect production: auth, firestore, database, pubsub {"metadata":{"emulator":{"name":"functions"},"message":"The following emulators are not running, calls to these services from the Functions emulator will affect production: \u001b[1mauth, firestore, database, pubsub\u001b[22m"}}
[info] +  functions: Using node@12 from host. {"metadata":{"emulator":{"name":"functions"},"message":"Using node@12 from host."}}
[debug] [2021-05-14T14:50:24.566Z] defaultcredentials: writing to file C:\Users\poojagra\AppData\Roaming\firebase\poojaag_pa_gmail.com_application_default_credentials.json
[debug] [2021-05-14T14:50:24.576Z] Setting GAC to C:\Users\poojagra\AppData\Roaming\firebase\poojaag_pa_gmail.com_application_default_credentials.json {"metadata":{"emulator":{"name":"functions"},"message":"Setting GAC to C:\\Users\\poojagra\\AppData\\Roaming\\firebase\\poojaag_pa_gmail.com_application_default_credentials.json"}}
[debug] [2021-05-14T14:50:24.582Z] > refreshing access token with scopes: []
[debug] [2021-05-14T14:50:24.584Z] >>> HTTP REQUEST POST https://www.googleapis.com/oauth2/v3/token  
 <request body omitted>
[debug] [2021-05-14T14:50:25.137Z] <<< HTTP RESPONSE 200 {"expires":"Mon, 01 Jan 1990 00:00:00 GMT","pragma":"no-cache","date":"Fri, 14 May 2021 14:50:25 GMT","cache-control":"no-cache, no-store, max-age=0, must-revalidate","content-type":"application/json; charset=utf-8","vary":"X-Origin, Referer, Origin,Accept-Encoding","server":"scaffolding on HTTPServer2","x-xss-protection":"0","x-frame-options":"SAMEORIGIN","x-content-type-options":"nosniff","alt-svc":"h3-29=\":443\"; ma=2592000,h3-T051=\":443\"; ma=2592000,h3-Q050=\":443\"; ma=2592000,h3-Q046=\":443\"; ma=2592000,h3-Q043=\":443\"; ma=2592000,quic=\":443\"; ma=2592000; v=\"46,43\"","accept-ranges":"none","transfer-encoding":"chunked"}
[debug] [2021-05-14T14:50:25.179Z] >>> [apiv2][query] GET https://firebase.googleapis.com/v1beta1/projects/challenge-808c2/adminSdkConfig [none]
[debug] [2021-05-14T14:50:26.258Z] <<< [apiv2][status] GET https://firebase.googleapis.com/v1beta1/projects/challenge-808c2/adminSdkConfig 200
[debug] [2021-05-14T14:50:26.258Z] <<< [apiv2][body] GET https://firebase.googleapis.com/v1beta1/projects/challenge-808c2/adminSdkConfig {"projectId":"challenge-808c2","storageBucket":"challenge-808c2.appspot.com","locationId":"us-central"}
[debug] [2021-05-14T14:50:28.330Z] >>> [apiv2][query] GET https://firebasehosting.googleapis.com/v1beta1/projects/challenge-808c2/sites 
[debug] [2021-05-14T14:50:30.407Z] <<< [apiv2][status] GET https://firebasehosting.googleapis.com/v1beta1/projects/challenge-808c2/sites 200
[debug] [2021-05-14T14:50:30.407Z] <<< [apiv2][body] GET https://firebasehosting.googleapis.com/v1beta1/projects/challenge-808c2/sites {"sites":[{"name":"projects/597821846446/sites/challenge-808c2","defaultUrl":"https://challenge-808c2.web.app","type":"DEFAULT_SITE"}]}
[debug] [2021-05-14T14:50:30.408Z] >>> [apiv2][query] GET https://firebase.googleapis.com/v1beta1/projects/challenge-808c2/webApps/-/config [none]
[debug] [2021-05-14T14:50:32.230Z] <<< [apiv2][status] GET https://firebase.googleapis.com/v1beta1/projects/challenge-808c2/webApps/-/config 200
[debug] [2021-05-14T14:50:32.231Z] <<< [apiv2][body] GET https://firebase.googleapis.com/v1beta1/projects/challenge-808c2/webApps/-/config {"projectId":"challenge-808c2","appId":"1:597821846446:web:e3eef0f9825a1bc1050e3f","storageBucket":"challenge-808c2.appspot.com","locationId":"us-central","apiKey":"AIzaSyABQahsdN4Jib9gJPgduVJPFrKf3IkjVP0","authDomain":"challenge-808c2.firebaseapp.com","messagingSenderId":"597821846446","measurementId":"G-S6SRK0XLVV"}
[info] i  hosting: Serving hosting files from: build {"metadata":{"emulator":{"name":"hosting"},"message":"Serving hosting files from: \u001b[1mbuild\u001b[22m"}}
[info] +  hosting: Local server: http://localhost:5000 {"metadata":{"emulator":{"name":"hosting"},"message":"Local server: \u001b[4m\u001b[1mhttp://localhost:5000\u001b[22m\u001b[24m"}}
[warn] !  ui: Emulator UI unable to start on port 4000, starting on 4001 instead. {"metadata":{"emulator":{"name":"ui"},"message":"Emulator UI unable to start on port 4000, starting on 4001 instead."}}
[debug] [2021-05-14T14:50:34.398Z] Ignoring unsupported arg: auto_download {"metadata":{"emulator":{"name":"ui"},"message":"Ignoring unsupported arg: auto_download"}}
[debug] [2021-05-14T14:50:34.398Z] Ignoring unsupported arg: port {"metadata":{"emulator":{"name":"ui"},"message":"Ignoring unsupported arg: port"}}
[debug] [2021-05-14T14:50:34.399Z] Starting Emulator UI with command {"binary":"node","args":["C:\\Users\\poojagra\\.cache\\firebase\\emulators\\ui-v1.4.2\\server.bundle.js"],"optionalArgs":[],"joinArgs":false} {"metadata":{"emulator":{"name":"ui"},"message":"Starting Emulator UI with command {\"binary\":\"node\",\"args\":[\"C:\\\\Users\\\\poojagra\\\\.cache\\\\firebase\\\\emulators\\\\ui-v1.4.2\\\\server.bundle.js\"],\"optionalArgs\":[],\"joinArgs\":false}"}}
[info] i  ui: Emulator UI logging to ui-debug.log {"metadata":{"emulator":{"name":"ui"},"message":"Emulator UI logging to \u001b[1mui-debug.log\u001b[22m"}}
[debug] [2021-05-14T14:50:34.977Z] Web / API server started at http://localhost:4001
 {"metadata":{"emulator":{"name":"ui"},"message":"Web / API server started at http://localhost:4001\n"}}
[info] i  functions: Watching "C:\Temp\React JS\amazon-app\functions" for Cloud Functions... {"metadata":{"emulator":{"name":"functions"},"message":"Watching \"C:\\Temp\\React JS\\amazon-app\\functions\" for Cloud Functions..."}}
[debug] [2021-05-14T14:50:35.648Z] [worker-pool] addWorker(~diagnostic~) {"metadata":{"emulator":{"name":"functions"},"message":"[worker-pool] addWorker(~diagnostic~)"}}
[debug] [2021-05-14T14:50:35.649Z] [worker-pool] Adding worker with key ~diagnostic~, total=1 {"metadata":{"emulator":{"name":"functions"},"message":"[worker-pool] Adding worker with key ~diagnostic~, total=1"}}
[debug] [2021-05-14T14:50:35.649Z] [worker-pool] submitWork(triggerId=) {"metadata":{"emulator":{"name":"functions"},"message":"[worker-pool] submitWork(triggerId=)"}}
[debug] [2021-05-14T14:50:35.650Z] [worker-~diagnostic~-8809614f-d28f-47b3-80db-9a77fb657527]: Assigning socketPath: \\?\pipe\C:\Temp\React JS\amazon-app\functions\19272 {"metadata":{"emulator":{"name":"functions"},"message":"[worker-~diagnostic~-8809614f-d28f-47b3-80db-9a77fb657527]: Assigning socketPath: \\\\?\\pipe\\C:\\Temp\\React JS\\amazon-app\\functions\\19272"}}
[debug] [2021-05-14T14:50:35.651Z] [worker-~diagnostic~-8809614f-d28f-47b3-80db-9a77fb657527]: BUSY {"metadata":{"emulator":{"name":"functions"},"message":"[worker-~diagnostic~-8809614f-d28f-47b3-80db-9a77fb657527]: BUSY"}}
[debug] [2021-05-14T14:50:36.190Z] [runtime-status] [19272] Functions runtime initialized. {"cwd":"C:\\Temp\\React JS\\amazon-app\\functions","node_version":"12.18.3"} {"metadata":{"emulator":{"name":"functions"},"message":"[runtime-status] [19272] Functions runtime initialized. {\"cwd\":\"C:\\\\Temp\\\\React JS\\\\amazon-app\\\\functions\",\"node_version\":\"12.18.3\"}"}}
[debug] [2021-05-14T14:50:36.191Z] [runtime-status] [19272] Disabled runtime features: undefined {"metadata":{"emulator":{"name":"functions"},"message":"[runtime-status] [19272] Disabled runtime features: undefined"}}
[debug] [2021-05-14T14:50:36.201Z] [runtime-status] [19272] Resolved module firebase-admin {"declared":true,"installed":true,"version":"9.8.0","resolution":"C:\\Temp\\React JS\\amazon-app\\functions\\node_modules\\firebase-admin\\lib\\index.js"} {"metadata":{"emulator":{"name":"functions"},"message":"[runtime-status] [19272] Resolved module firebase-admin {\"declared\":true,\"installed\":true,\"version\":\"9.8.0\",\"resolution\":\"C:\\\\Temp\\\\React JS\\\\amazon-app\\\\functions\\\\node_modules\\\\firebase-admin\\\\lib\\\\index.js\"}"}}
[debug] [2021-05-14T14:50:36.205Z] [runtime-status] [19272] Resolved module firebase-functions {"declared":true,"installed":true,"version":"3.14.0","resolution":"C:\\Temp\\React JS\\amazon-app\\functions\\node_modules\\firebase-functions\\lib\\index.js"} {"metadata":{"emulator":{"name":"functions"},"message":"[runtime-status] [19272] Resolved module firebase-functions {\"declared\":true,\"installed\":true,\"version\":\"3.14.0\",\"resolution\":\"C:\\\\Temp\\\\React JS\\\\amazon-app\\\\functions\\\\node_modules\\\\firebase-functions\\\\lib\\\\index.js\"}"}}
[debug] [2021-05-14T14:50:36.207Z] [runtime-status] [19272] Resolved module firebase-functions {"declared":true,"installed":true,"version":"3.14.0","resolution":"C:\\Temp\\React JS\\amazon-app\\functions\\node_modules\\firebase-functions\\lib\\index.js"} {"metadata":{"emulator":{"name":"functions"},"message":"[runtime-status] [19272] Resolved module firebase-functions {\"declared\":true,\"installed\":true,\"version\":\"3.14.0\",\"resolution\":\"C:\\\\Temp\\\\React JS\\\\amazon-app\\\\functions\\\\node_modules\\\\firebase-functions\\\\lib\\\\index.js\"}"}}
[debug] [2021-05-14T14:50:36.210Z] [runtime-status] [19272] Outgoing network have been stubbed. [{"name":"http","status":"mocked"},{"name":"http","status":"mocked"},{"name":"https","status":"mocked"},{"name":"https","status":"mocked"},{"name":"net","status":"mocked"}] {"metadata":{"emulator":{"name":"functions"},"message":"[runtime-status] [19272] Outgoing network have been stubbed. [{\"name\":\"http\",\"status\":\"mocked\"},{\"name\":\"http\",\"status\":\"mocked\"},{\"name\":\"https\",\"status\":\"mocked\"},{\"name\":\"https\",\"status\":\"mocked\"},{\"name\":\"net\",\"status\":\"mocked\"}]"}}
[debug] [2021-05-14T14:50:36.211Z] [runtime-status] [19272] Resolved module firebase-functions {"declared":true,"installed":true,"version":"3.14.0","resolution":"C:\\Temp\\React JS\\amazon-app\\functions\\node_modules\\firebase-functions\\lib\\index.js"} {"metadata":{"emulator":{"name":"functions"},"message":"[runtime-status] [19272] Resolved module firebase-functions {\"declared\":true,\"installed\":true,\"version\":\"3.14.0\",\"resolution\":\"C:\\\\Temp\\\\React JS\\\\amazon-app\\\\functions\\\\node_modules\\\\firebase-functions\\\\lib\\\\index.js\"}"}}
[debug] [2021-05-14T14:50:36.320Z] [runtime-status] [19272] Checked functions.config() {"config":{}} {"metadata":{"emulator":{"name":"functions"},"message":"[runtime-status] [19272] Checked functions.config() {\"config\":{}}"}}
[debug] [2021-05-14T14:50:36.321Z] [runtime-status] [19272] firebase-functions has been stubbed. {"functionsResolution":{"declared":true,"installed":true,"version":"3.14.0","resolution":"C:\\Temp\\React JS\\amazon-app\\functions\\node_modules\\firebase-functions\\lib\\index.js"}} {"metadata":{"emulator":{"name":"functions"},"message":"[runtime-status] [19272] firebase-functions has been stubbed. {\"functionsResolution\":{\"declared\":true,\"installed\":true,\"version\":\"3.14.0\",\"resolution\":\"C:\\\\Temp\\\\React JS\\\\amazon-app\\\\functions\\\\node_modules\\\\firebase-functions\\\\lib\\\\index.js\"}}"}}
[debug] [2021-05-14T14:50:36.322Z] [runtime-status] [19272] Resolved module firebase-functions {"declared":true,"installed":true,"version":"3.14.0","resolution":"C:\\Temp\\React JS\\amazon-app\\functions\\node_modules\\firebase-functions\\lib\\index.js"} {"metadata":{"emulator":{"name":"functions"},"message":"[runtime-status] [19272] Resolved module firebase-functions {\"declared\":true,\"installed\":true,\"version\":\"3.14.0\",\"resolution\":\"C:\\\\Temp\\\\React JS\\\\amazon-app\\\\functions\\\\node_modules\\\\firebase-functions\\\\lib\\\\index.js\"}"}}
[debug] [2021-05-14T14:50:36.324Z] [runtime-status] [19272] Resolved module firebase-admin {"declared":true,"installed":true,"version":"9.8.0","resolution":"C:\\Temp\\React JS\\amazon-app\\functions\\node_modules\\firebase-admin\\lib\\index.js"} {"metadata":{"emulator":{"name":"functions"},"message":"[runtime-status] [19272] Resolved module firebase-admin {\"declared\":true,\"installed\":true,\"version\":\"9.8.0\",\"resolution\":\"C:\\\\Temp\\\\React JS\\\\amazon-app\\\\functions\\\\node_modules\\\\firebase-admin\\\\lib\\\\index.js\"}"}}
[debug] [2021-05-14T14:50:36.325Z] [runtime-status] [19272] Resolved module firebase-functions {"declared":true,"installed":true,"version":"3.14.0","resolution":"C:\\Temp\\React JS\\amazon-app\\functions\\node_modules\\firebase-functions\\lib\\index.js"} {"metadata":{"emulator":{"name":"functions"},"message":"[runtime-status] [19272] Resolved module firebase-functions {\"declared\":true,\"installed\":true,\"version\":\"3.14.0\",\"resolution\":\"C:\\\\Temp\\\\React JS\\\\amazon-app\\\\functions\\\\node_modules\\\\firebase-functions\\\\lib\\\\index.js\"}"}}
[debug] [2021-05-14T14:50:36.326Z] [runtime-status] [19272] firebase-admin has been stubbed. {"adminResolution":{"declared":true,"installed":true,"version":"9.8.0","resolution":"C:\\Temp\\React JS\\amazon-app\\functions\\node_modules\\firebase-admin\\lib\\index.js"}} {"metadata":{"emulator":{"name":"functions"},"message":"[runtime-status] [19272] firebase-admin has been stubbed. {\"adminResolution\":{\"declared\":true,\"installed\":true,\"version\":\"9.8.0\",\"resolution\":\"C:\\\\Temp\\\\React JS\\\\amazon-app\\\\functions\\\\node_modules\\\\firebase-admin\\\\lib\\\\index.js\"}}"}}
[info] +  functions[api]: http function initialized (http://localhost:5001/challenge-808c2/us-central1/api). {"metadata":{"emulator":{"name":"functions"},"message":"\u001b[1mhttp\u001b[22m function initialized (http://localhost:5001/challenge-808c2/us-central1/api)."}}
[info] 
┌─────────────────────────────────────────────────────────────┐
│ ✔  All emulators ready! It is now safe to connect your app. │
│ i  View Emulator UI at http://localhost:4001                │
└─────────────────────────────────────────────────────────────┘

┌───────────┬────────────────┬─────────────────────────────────┐
│ Emulator  │ Host:Port      │ View in Emulator UI             │
├───────────┼────────────────┼─────────────────────────────────┤
│ Functions │ localhost:5001 │ http://localhost:4001/functions │
├───────────┼────────────────┼─────────────────────────────────┤
│ Hosting   │ localhost:5000 │ n/a                             │
└───────────┴────────────────┴─────────────────────────────────┘
  Emulator Hub running at localhost:4400
  Other reserved ports: 4500

Issues? Report them at https://github.com/firebase/firebase-tools/issues and attach the *-debug.log files.
 
[debug] [2021-05-14T14:50:36.806Z] [worker-~diagnostic~-8809614f-d28f-47b3-80db-9a77fb657527]: IDLE {"metadata":{"emulator":{"name":"functions"},"message":"[worker-~diagnostic~-8809614f-d28f-47b3-80db-9a77fb657527]: IDLE"}}
[debug] [2021-05-14T14:51:59.655Z] [work-queue] {"queueLength":1,"workRunningCount":0}
[debug] [2021-05-14T14:51:59.655Z] [work-queue] {"queueLength":0,"workRunningCount":1}
[debug] [2021-05-14T14:51:59.656Z] Accepted request GET /challenge-808c2/us-central1/api --> api
[debug] [2021-05-14T14:52:00.090Z] [worker-pool] addWorker(api) {"metadata":{"emulator":{"name":"functions"},"message":"[worker-pool] addWorker(api)"}}
[debug] [2021-05-14T14:52:00.090Z] [worker-pool] Adding worker with key api, total=1 {"metadata":{"emulator":{"name":"functions"},"message":"[worker-pool] Adding worker with key api, total=1"}}
[debug] [2021-05-14T14:52:00.091Z] [worker-pool] submitWork(triggerId=api) {"metadata":{"emulator":{"name":"functions"},"message":"[worker-pool] submitWork(triggerId=api)"}}
[debug] [2021-05-14T14:52:00.091Z] [worker-api-65b10f60-1c81-456c-be6f-307a203699f2]: Assigning socketPath: \\?\pipe\C:\Temp\React JS\amazon-app\functions\17644 {"metadata":{"emulator":{"name":"functions"},"message":"[worker-api-65b10f60-1c81-456c-be6f-307a203699f2]: Assigning socketPath: \\\\?\\pipe\\C:\\Temp\\React JS\\amazon-app\\functions\\17644"}}
[debug] [2021-05-14T14:52:00.091Z] [worker-api-65b10f60-1c81-456c-be6f-307a203699f2]: BUSY {"metadata":{"emulator":{"name":"functions"},"message":"[worker-api-65b10f60-1c81-456c-be6f-307a203699f2]: BUSY"}}
[debug] [2021-05-14T14:52:00.814Z] [runtime-status] [17644] Functions runtime initialized. {"cwd":"C:\\Temp\\React JS\\amazon-app\\functions","node_version":"12.18.3"} {"metadata":{"emulator":{"name":"functions"},"function":{"name":"api"},"message":"[runtime-status] [17644] Functions runtime initialized. {\"cwd\":\"C:\\\\Temp\\\\React JS\\\\amazon-app\\\\functions\",\"node_version\":\"12.18.3\"}"}}
[debug] [2021-05-14T14:52:00.815Z] [runtime-status] [17644] Disabled runtime features: undefined {"metadata":{"emulator":{"name":"functions"},"function":{"name":"api"},"message":"[runtime-status] [17644] Disabled runtime features: undefined"}}
[debug] [2021-05-14T14:52:00.823Z] [runtime-status] [17644] Resolved module firebase-admin {"declared":true,"installed":true,"version":"9.8.0","resolution":"C:\\Temp\\React JS\\amazon-app\\functions\\node_modules\\firebase-admin\\lib\\index.js"} {"metadata":{"emulator":{"name":"functions"},"function":{"name":"api"},"message":"[runtime-status] [17644] Resolved module firebase-admin {\"declared\":true,\"installed\":true,\"version\":\"9.8.0\",\"resolution\":\"C:\\\\Temp\\\\React JS\\\\amazon-app\\\\functions\\\\node_modules\\\\firebase-admin\\\\lib\\\\index.js\"}"}}
[debug] [2021-05-14T14:52:00.825Z] [runtime-status] [17644] Resolved module firebase-functions {"declared":true,"installed":true,"version":"3.14.0","resolution":"C:\\Temp\\React JS\\amazon-app\\functions\\node_modules\\firebase-functions\\lib\\index.js"} {"metadata":{"emulator":{"name":"functions"},"function":{"name":"api"},"message":"[runtime-status] [17644] Resolved module firebase-functions {\"declared\":true,\"installed\":true,\"version\":\"3.14.0\",\"resolution\":\"C:\\\\Temp\\\\React JS\\\\amazon-app\\\\functions\\\\node_modules\\\\firebase-functions\\\\lib\\\\index.js\"}"}}
[debug] [2021-05-14T14:52:00.827Z] [runtime-status] [17644] Resolved module firebase-functions {"declared":true,"installed":true,"version":"3.14.0","resolution":"C:\\Temp\\React JS\\amazon-app\\functions\\node_modules\\firebase-functions\\lib\\index.js"} {"metadata":{"emulator":{"name":"functions"},"function":{"name":"api"},"message":"[runtime-status] [17644] Resolved module firebase-functions {\"declared\":true,\"installed\":true,\"version\":\"3.14.0\",\"resolution\":\"C:\\\\Temp\\\\React JS\\\\amazon-app\\\\functions\\\\node_modules\\\\firebase-functions\\\\lib\\\\index.js\"}"}}
[debug] [2021-05-14T14:52:00.829Z] [runtime-status] [17644] Outgoing network have been stubbed. [{"name":"http","status":"mocked"},{"name":"http","status":"mocked"},{"name":"https","status":"mocked"},{"name":"https","status":"mocked"},{"name":"net","status":"mocked"}] {"metadata":{"emulator":{"name":"functions"},"function":{"name":"api"},"message":"[runtime-status] [17644] Outgoing network have been stubbed. [{\"name\":\"http\",\"status\":\"mocked\"},{\"name\":\"http\",\"status\":\"mocked\"},{\"name\":\"https\",\"status\":\"mocked\"},{\"name\":\"https\",\"status\":\"mocked\"},{\"name\":\"net\",\"status\":\"mocked\"}]"}}
[debug] [2021-05-14T14:52:00.830Z] [runtime-status] [17644] Resolved module firebase-functions {"declared":true,"installed":true,"version":"3.14.0","resolution":"C:\\Temp\\React JS\\amazon-app\\functions\\node_modules\\firebase-functions\\lib\\index.js"} {"metadata":{"emulator":{"name":"functions"},"function":{"name":"api"},"message":"[runtime-status] [17644] Resolved module firebase-functions {\"declared\":true,\"installed\":true,\"version\":\"3.14.0\",\"resolution\":\"C:\\\\Temp\\\\React JS\\\\amazon-app\\\\functions\\\\node_modules\\\\firebase-functions\\\\lib\\\\index.js\"}"}}
[debug] [2021-05-14T14:52:00.919Z] [runtime-status] [17644] Checked functions.config() {"config":{}} {"metadata":{"emulator":{"name":"functions"},"function":{"name":"api"},"message":"[runtime-status] [17644] Checked functions.config() {\"config\":{}}"}}
[debug] [2021-05-14T14:52:00.920Z] [runtime-status] [17644] firebase-functions has been stubbed. {"functionsResolution":{"declared":true,"installed":true,"version":"3.14.0","resolution":"C:\\Temp\\React JS\\amazon-app\\functions\\node_modules\\firebase-functions\\lib\\index.js"}} {"metadata":{"emulator":{"name":"functions"},"function":{"name":"api"},"message":"[runtime-status] [17644] firebase-functions has been stubbed. {\"functionsResolution\":{\"declared\":true,\"installed\":true,\"version\":\"3.14.0\",\"resolution\":\"C:\\\\Temp\\\\React JS\\\\amazon-app\\\\functions\\\\node_modules\\\\firebase-functions\\\\lib\\\\index.js\"}}"}}
[debug] [2021-05-14T14:52:00.921Z] [runtime-status] [17644] Resolved module firebase-functions {"declared":true,"installed":true,"version":"3.14.0","resolution":"C:\\Temp\\React JS\\amazon-app\\functions\\node_modules\\firebase-functions\\lib\\index.js"} {"metadata":{"emulator":{"name":"functions"},"function":{"name":"api"},"message":"[runtime-status] [17644] Resolved module firebase-functions {\"declared\":true,\"installed\":true,\"version\":\"3.14.0\",\"resolution\":\"C:\\\\Temp\\\\React JS\\\\amazon-app\\\\functions\\\\node_modules\\\\firebase-functions\\\\lib\\\\index.js\"}"}}
[debug] [2021-05-14T14:52:00.923Z] [runtime-status] [17644] Resolved module firebase-admin {"declared":true,"installed":true,"version":"9.8.0","resolution":"C:\\Temp\\React JS\\amazon-app\\functions\\node_modules\\firebase-admin\\lib\\index.js"} {"metadata":{"emulator":{"name":"functions"},"function":{"name":"api"},"message":"[runtime-status] [17644] Resolved module firebase-admin {\"declared\":true,\"installed\":true,\"version\":\"9.8.0\",\"resolution\":\"C:\\\\Temp\\\\React JS\\\\amazon-app\\\\functions\\\\node_modules\\\\firebase-admin\\\\lib\\\\index.js\"}"}}
[debug] [2021-05-14T14:52:00.924Z] [runtime-status] [17644] Resolved module firebase-functions {"declared":true,"installed":true,"version":"3.14.0","resolution":"C:\\Temp\\React JS\\amazon-app\\functions\\node_modules\\firebase-functions\\lib\\index.js"} {"metadata":{"emulator":{"name":"functions"},"function":{"name":"api"},"message":"[runtime-status] [17644] Resolved module firebase-functions {\"declared\":true,\"installed\":true,\"version\":\"3.14.0\",\"resolution\":\"C:\\\\Temp\\\\React JS\\\\amazon-app\\\\functions\\\\node_modules\\\\firebase-functions\\\\lib\\\\index.js\"}"}}
[debug] [2021-05-14T14:52:00.924Z] [runtime-status] [17644] firebase-admin has been stubbed. {"adminResolution":{"declared":true,"installed":true,"version":"9.8.0","resolution":"C:\\Temp\\React JS\\amazon-app\\functions\\node_modules\\firebase-admin\\lib\\index.js"}} {"metadata":{"emulator":{"name":"functions"},"function":{"name":"api"},"message":"[runtime-status] [17644] firebase-admin has been stubbed. {\"adminResolution\":{\"declared\":true,\"installed\":true,\"version\":\"9.8.0\",\"resolution\":\"C:\\\\Temp\\\\React JS\\\\amazon-app\\\\functions\\\\node_modules\\\\firebase-admin\\\\lib\\\\index.js\"}}"}}
[debug] [2021-05-14T14:52:01.338Z] [runtime-status] [17644] Trigger "api" has been found, beginning invocation! {"metadata":{"emulator":{"name":"functions"},"function":{"name":"api"},"message":"[runtime-status] [17644] Trigger \"api\" has been found, beginning invocation!"}}
[info] i  functions: Beginning execution of "api" {"metadata":{"emulator":{"name":"functions"},"function":{"name":"api"},"message":"Beginning execution of \"api\""}}
[debug] [2021-05-14T14:52:01.340Z] [runtime-status] [17644] triggerDefinition {"httpsTrigger":{},"name":"api","entryPoint":"api"} {"metadata":{"emulator":{"name":"functions"},"function":{"name":"api"},"message":"[runtime-status] [17644] triggerDefinition {\"httpsTrigger\":{},\"name\":\"api\",\"entryPoint\":\"api\"}"}}
[debug] [2021-05-14T14:52:01.341Z] [runtime-status] [17644] Running api in mode HTTPS {"metadata":{"emulator":{"name":"functions"},"function":{"name":"api"},"message":"[runtime-status] [17644] Running api in mode HTTPS"}}
[debug] [2021-05-14T14:52:01.345Z] [runtime-status] [17644] Attempting to listen to socketPath: \\?\pipe\C:\Temp\React JS\amazon-app\functions\17644 {"metadata":{"emulator":{"name":"functions"},"function":{"name":"api"},"message":"[runtime-status] [17644] Attempting to listen to socketPath: \\\\?\\pipe\\C:\\Temp\\React JS\\amazon-app\\functions\\17644"}}
[debug] [2021-05-14T14:52:01.350Z] [functions] Runtime ready! Sending request! {"metadata":{"emulator":{"name":"functions"},"message":"[functions] Runtime ready! Sending request!"}}
[debug] [2021-05-14T14:52:01.351Z] [functions] Got req.url=/challenge-808c2/us-central1/api, mapping to path=/ {"metadata":{"emulator":{"name":"functions"},"message":"[functions] Got req.url=/challenge-808c2/us-central1/api, mapping to path=/"}}
[debug] [2021-05-14T14:52:01.364Z] [runtime-status] [17644] Ephemeral server handling GET request {"metadata":{"emulator":{"name":"functions"},"function":{"name":"api"},"message":"[runtime-status] [17644] Ephemeral server handling GET request"}}
[debug] [2021-05-14T14:52:01.375Z] [runtime-status] [17644] Ephemeral server survived. {"metadata":{"emulator":{"name":"functions"},"function":{"name":"api"},"message":"[runtime-status] [17644] Ephemeral server survived."}}
[info] i  functions: Finished "api" in ~1s {"metadata":{"emulator":{"name":"functions"},"function":{"name":"api"},"message":"Finished \"api\" in ~1s"}}
[debug] [2021-05-14T14:52:01.387Z] [worker-api-65b10f60-1c81-456c-be6f-307a203699f2]: IDLE {"metadata":{"emulator":{"name":"functions"},"message":"[worker-api-65b10f60-1c81-456c-be6f-307a203699f2]: IDLE"}}
[debug] [2021-05-14T14:52:01.388Z] [work-queue] {"queueLength":0,"workRunningCount":0}
[debug] [2021-05-14T14:52:42.722Z] [work-queue] {"queueLength":1,"workRunningCount":0}
[debug] [2021-05-14T14:52:42.722Z] [work-queue] {"queueLength":0,"workRunningCount":1}
[debug] [2021-05-14T14:52:42.723Z] Accepted request POST /challenge-808c2/us-central1/api/payments/create?total=299 --> api
[debug] [2021-05-14T14:52:42.723Z] [worker-pool] submitWork(triggerId=api) {"metadata":{"emulator":{"name":"functions"},"message":"[worker-pool] submitWork(triggerId=api)"}}
[debug] [2021-05-14T14:52:42.723Z] [worker-api-65b10f60-1c81-456c-be6f-307a203699f2]: Assigning socketPath: \\?\pipe\C:\Temp\React JS\amazon-app\functions\17644 {"metadata":{"emulator":{"name":"functions"},"message":"[worker-api-65b10f60-1c81-456c-be6f-307a203699f2]: Assigning socketPath: \\\\?\\pipe\\C:\\Temp\\React JS\\amazon-app\\functions\\17644"}}
[debug] [2021-05-14T14:52:42.723Z] [worker-api-65b10f60-1c81-456c-be6f-307a203699f2]: BUSY {"metadata":{"emulator":{"name":"functions"},"message":"[worker-api-65b10f60-1c81-456c-be6f-307a203699f2]: BUSY"}}
[debug] [2021-05-14T14:52:42.724Z] [runtime-status] [17644] Trigger "api" has been found, beginning invocation! {"metadata":{"emulator":{"name":"functions"},"function":{"name":"api"},"message":"[runtime-status] [17644] Trigger \"api\" has been found, beginning invocation!"}}
[info] i  functions: Beginning execution of "api" {"metadata":{"emulator":{"name":"functions"},"function":{"name":"api"},"message":"Beginning execution of \"api\""}}
[debug] [2021-05-14T14:52:42.728Z] [runtime-status] [17644] triggerDefinition {"httpsTrigger":{},"name":"api","entryPoint":"api"} {"metadata":{"emulator":{"name":"functions"},"function":{"name":"api"},"message":"[runtime-status] [17644] triggerDefinition {\"httpsTrigger\":{},\"name\":\"api\",\"entryPoint\":\"api\"}"}}
[debug] [2021-05-14T14:52:42.728Z] [runtime-status] [17644] Running api in mode HTTPS {"metadata":{"emulator":{"name":"functions"},"function":{"name":"api"},"message":"[runtime-status] [17644] Running api in mode HTTPS"}}
[debug] [2021-05-14T14:52:42.728Z] [runtime-status] [17644] Attempting to listen to socketPath: \\?\pipe\C:\Temp\React JS\amazon-app\functions\17644 {"metadata":{"emulator":{"name":"functions"},"function":{"name":"api"},"message":"[runtime-status] [17644] Attempting to listen to socketPath: \\\\?\\pipe\\C:\\Temp\\React JS\\amazon-app\\functions\\17644"}}
[debug] [2021-05-14T14:52:42.730Z] [functions] Runtime ready! Sending request! {"metadata":{"emulator":{"name":"functions"},"message":"[functions] Runtime ready! Sending request!"}}
[debug] [2021-05-14T14:52:42.731Z] [functions] Got req.url=/challenge-808c2/us-central1/api/payments/create?total=299, mapping to path=/payments/create?total=299 {"metadata":{"emulator":{"name":"functions"},"message":"[functions] Got req.url=/challenge-808c2/us-central1/api/payments/create?total=299, mapping to path=/payments/create?total=299"}}
[debug] [2021-05-14T14:52:42.737Z] [runtime-status] [17644] Ephemeral server handling POST request {"metadata":{"emulator":{"name":"functions"},"function":{"name":"api"},"message":"[runtime-status] [17644] Ephemeral server handling POST request"}}
[info] >  Payment Request Received BOOM!!! for this amount >>> 299 {"user":"Payment Request Received BOOM!!! for this amount >>> 299","metadata":{"emulator":{"name":"functions"},"function":{"name":"api"},"message":"\u001b[90m> \u001b[39m Payment Request Received BOOM!!! for this amount >>> 299"}}
[debug] [2021-05-14T14:52:42.925Z] [runtime-status] [17644] Ephemeral server survived. {"metadata":{"emulator":{"name":"functions"},"function":{"name":"api"},"message":"[runtime-status] [17644] Ephemeral server survived."}}
[info] i  functions: Finished "api" in ~1s {"metadata":{"emulator":{"name":"functions"},"function":{"name":"api"},"message":"Finished \"api\" in ~1s"}}
[debug] [2021-05-14T14:52:43.875Z] [worker-api-65b10f60-1c81-456c-be6f-307a203699f2]: IDLE {"metadata":{"emulator":{"name":"functions"},"message":"[worker-api-65b10f60-1c81-456c-be6f-307a203699f2]: IDLE"}}
[debug] [2021-05-14T14:52:43.876Z] [work-queue] {"queueLength":0,"workRunningCount":0}
